  DirectX11Wrapper.cpp
  ObjectManager.cpp
  SceneManager.cpp
  AtObjCamera.cpp
  Camera.cpp
  CameraManager.cpp
  Collider2D.cpp
  Collider2DManager.cpp
  ParticleManager.cpp
  MeshField.cpp
  MeshRenderer.cpp
  ObjectRendererManager.cpp
  BillboardShader.cpp
  CSSkinningRender.cpp
  Default.cpp
  DepthShadow.cpp
  PointSprite.cpp
  SkinningShadow.cpp
  ZTexture.cpp
  FrameWork.vcxproj -> C:\Users\stoza\Documents\HAL\3年\game\MH\Debug\FrameWork.exe
  FrameWork.vcxproj -> C:\Users\stoza\Documents\HAL\3年\game\MH\Debug\FrameWork.pdb (Full PDB)
