  Matrix.cpp
  Vector.cpp
  DirectX11.cpp
  DirectX11Wrapper.cpp
  WICTextureLoader.cpp
  main.cpp
  Object.cpp
  ObjectManager.cpp
  BaseScene.cpp
  PauseScene.cpp
  ResultScene.cpp
  TitleScene.cpp
  SceneManager.cpp
  AtObjCamera.cpp
  Camera.cpp
  CameraManager.cpp
  Collider2D.cpp
  Collider2DManager.cpp
  Collider3D.cpp
  Collider3DManager.cpp
  ColliderRenderer.cpp
  Debug.cpp
  GUI.cpp
  GuiManager.cpp
  imgui.cpp
  imgui_draw.cpp
  imgui_impl_dx11.cpp
  imgui_impl_win32.cpp
  imgui_widgets.cpp
  GameSystems.cpp
  BinInput.cpp
  Controller.cpp
  Input.cpp
  KeyInput.cpp
  PS4Input.cpp
  XInput.cpp
  Light.cpp
  Loading.cpp
  Particle.cpp
  ParticleManager.cpp
  MeshField.cpp
  LoadModel.cpp
  MeshRenderer.cpp
  Model.cpp
  ObjectRenderer.cpp
  ObjectRendererManager.cpp
  2DCircleGauge.cpp
  BillboardShader.cpp
  CSSkinningRender.cpp
  Default.cpp
  DepthShadow.cpp
  PointSprite.cpp
  Shader.cpp
  ShaderManager.cpp
  SkinningShadow.cpp
  ZTexture.cpp
  SkyDome.cpp
  CanvasRenderer.cpp
  CanvasRendererManager.cpp
  SpriteRenderer.cpp
  Texture.cpp
  Score.cpp
  Screenshot.cpp
  Sound.cpp
  Dialog.cpp
  Windows.cpp
  コード生成しています。
  All 4239 functions were compiled because no usable IPDB/IOBJ from previous compilation was found.
  コード生成が終了しました。
  FrameWork.vcxproj -> C:\Users\stoza\Documents\HAL\3年\game\MH\FrameWork.exe
  FrameWork.vcxproj -> C:\Users\stoza\Documents\HAL\3年\game\MH\FrameWork.pdb (Full PDB)
